<!--末影龙：-->
base = #08080C; // 8 8 12 / 0.03 0.03 0.05 / §5 */
overlay = #79087E; // 121 8 126 / 0.47 0.03 0.49 / */

<!--天境龙：-->
base = #05C3D2; // 5 195 210 / 0.02 0.76 0.82 / §3 */
overlay = #281EE8; // 40 30 232 / 0.16 0.12 0.91 / */
addtion = #FFFF72; // 255 255 114 / 1.00 1.00 0.56 / */

<!--森林龙：-->
base = #0C9613; // 12 150 19 / 0.05 0.59 0.07 / §2 */
overlay = #036408; // 3 100 8 / 0.01 0.39 0.03 / */

<!--下界龙：-->
base = #632F1B; // 99 47 27 / 0.39 0.18 0.11 / §4 */
overlay = #E7A621; // 231 166 33 / 0.91 0.65 0.13 / */

<!--冰龙：-->
base = #FFFFFF; // 255 255 255 / 1.00 1.00 1.00 / §b */
overlay = #02D0EE; // 2 208 238 / 0.01 0.82 0.93 /  */

<!--水龙：-->
base = #546FAD; // 84 111 173 / 0.33 0.44 0.68 / §1 */
overlay = #2B427E; // 43 66 126 / 0.17 0.26 0.49 /  */

<!--火龙：-->
base = #620508; // 98 5 8 / 0.38 0.02 0.03 / §4 */
overlay = #F7A502; // 247 165 2 / 0.97 0.65 0.01 /  */

<!--土龙：-->
base = #674517; // 103 69 23 / 0.40 0.27 0.09 / §6 */
overlay = #E6B10D; // 230 177 13 / 0.90 0.69 0.05 /  */

<!--骷髅龙：-->
base = #FFFFFF; // 255 255 255 / 1.00 1.00 1.00 / §f */
overlay = #474F51; // 71 79 81 / 0.28 0.31 0.32 /  */

<!--风暴龙：-->
base = #010B0F; // 1 11 15 / 0.00 0.04 0.06 / §1 */
overlay = #0FA8CE; // 15 168 206 / 0.06 0.66 0.81 /  */

<!--月光龙：-->
base = #00164E; // 0 22 78 / 0.00 0.09 0.31 / §1 */
overlay = #FEFEFE; // 254 254 254 / 1.00 1.00 1.00 /  */

<!--日光龙：-->
base = #F4950D; // 244 149 13 / 0.96 0.58 0.05 / §e */
overlay = #F4E10D; // 244 225 13 / 0.96 0.88 0.05 /  */

<!--魔法龙：-->
base = #CC0DE0; // 204 13 224 / 0.80 0.05 0.88 / §d */
overlay = #FFFFFF; // 255 255 255 / 1.00 1.00 1.00 /  */

<!--僵尸龙：-->
base = #66664B; // 102 102 75 / 0.40 0.40 0.29 / §2 */
overlay = #B6D035; // 182 208 53 / 0.71 0.82 0.21 /  */

<!--凋灵龙：-->
base = #8A9999; // 138 153 153 / 0.54 0.60 0.60 / §8 */
overlay = #474F51; // 71 79 81 / 0.28 0.31 0.32 /  */
