UpdateN：

龙：
==V1.2.15==
1.翻译修正
2.惯性动画的更新

First-AI归为默认
Second-删除跳跃系统【运行过于频繁】-577---578？
Third-add 飞行系统二代配置
Forth-修改远程攻击为龙息-502-503？
Fifth-碰撞箱微调小
Sixth-成年龙体型萎缩到0.9
Seventh-龙免疫龙息伤害
Eighth-龙蛋血量调整为60
Ninth-龙蛋方块法催化孵化方式为每种属性单独适配

==V1.3.x==
搜 speed_multiplier 更改合适值，并去掉跟随父母和受伤逃跑行为
manifest加入依赖项
碰撞体积改为3*3
生长时间改为14400秒【4小时】
鱼类助长需求更新为：普通鱼128个  鲑鱼96个  小丑鱼64个
更改指令控制ID  添加新的指令控制
增加玩家控制发射龙息及火球
收集龙息新增8秒冷却
剪下龙鳞时交互冷却60秒并受到38点血伤害

==V1.2.15==
55-繁殖条件
130-拴绳束缚距离
216=217-箱子储备空间
357=358=359-行走速度
494-远程攻击武器类型--【预定改动】
550-bossbar【+】name
558-fly--walk 系统
567-fly--basic
574=575-关闭飞行【布尔值】
646-9--8【四进制转十进制数字】
==V1.3.x==
9=指令运行控制器修改
23，57-成年龙体型：1.6缩放
53=-更改交配条件让其无需末地石平台并且用鱼而不是末影之眼
501-视线锁定冷却时间调整为4
642-实体看向玩家的AI调整
568-加入跳跃AI
75=81 / 538=543-为远程攻击方式加注释已取消远程攻击方式
528-不攻击的生物由多对象赋值改为数组赋值
490-加入攻击力参数【注意一下周围的无需赋值的对象集中整理一下
// * 483=-加入近战攻击AI
493=-加入延迟攻击AI
590=-取消伤害防御
72=-完善反攻AI
525=-完善追赶目标AI
495-加入自行寻找攻击目标AI
72=-完善锁定目标AI
817=-840=-删掉与玩家的距离检测
646=-完善食物诱惑AI
534=-完善自动攻击AI
366-修改行走速度
379-修改飞行速度
422=428-注释掉飞行交互时产生的加速效果
697=-完善玩家创造模式生成大小龙
190=-完善玩家骑行AI
156=-完善跟随主人AI
497=-加入向目标移动AI
681-环顾四周的优先值调为8
664-随意行走的AI优先性改为7
490=-加入防击退AI
501-移动向目标的优先性调成2
653=-加入被推动的AI
528-视距调整为64格
// * 564-加入变量："max_dist": 64,
187-坐下时保持不动的优先值设为1
139-拴绳软控距改为8
203-乘坐位置修正
162=-加入寻找坐骑AI【骑玩家
600-为跳跃加上注释
306-acc飞行系统优先值由0改为1
113-驯服成功率改为0.2【原0.25

蛋：
-碰撞箱改为0.4*0.4
-孵化时间改为2400秒
-破壳时间改为60秒
-拴绳可以束缚的最大距离改为32
-血量调整为125

==V1.3.24==
*更新内容
-龙的动画更具物理性了
-优化了多条龙时造成的性能问题
-龙在剪龙鳞时受到的伤害现在是随机的了
-新增方块龙蛋并启用右键方块龙蛋激活孵化
-玩家在骑乘龙的时候不再可以与龙进行交互了
-新增了除弓之外全套龙鳞装备并完成功能的实装
-新增了龙巢并将龙巢中的龙蛋作为新的龙蛋获取方式
-新增快捷指令：/function give_blockegg    (获得所有方块龙蛋)
-钻石剪刀现在加入了更多普通剪刀所具备的功能(依然不能被用来剪羊毛)
-当玩家从八格或超过八格高的地方失足跌落时半径16格以内经过驯化的龙会对跌落的玩家进行接救
*bug修复
-经雷击变异后的龙蛋可以正常孵化了
-修复了已驯服的龙会还击主人的问题
-未驯服的龙不再会被一格高的方块阻挡
-龙不再会受到来自龙息和摔落的伤害了
